[2015-08-23 16:15:02.909] [INFO] pomelo - [32m[/home/goby/st/demo/game-server/node_modules/pomelo/lib/application.js] [39mapplication inited: "connector-server-1"
[2015-08-23 16:15:03.362] [INFO] pomelo - [32m[/home/goby/st/demo/game-server/node_modules/pomelo/lib/application.js] [39m"connector-server-1" enter after start...
[2015-08-23 16:15:03.365] [INFO] pomelo - [32m[/home/goby/st/demo/game-server/node_modules/pomelo/lib/application.js] [39m"connector-server-1" finish start
[2015-08-23 16:15:03.365] [INFO] pomelo - [32m[/home/goby/st/demo/game-server/node_modules/pomelo/lib/application.js] [39m"connector-server-1" startup in 400 ms
[2015-08-23 16:16:48.060] [INFO] pomelo - [32m[/home/goby/st/demo/game-server/node_modules/pomelo/lib/application.js] [39mapplication inited: "connector-server-1"
[2015-08-23 16:16:48.508] [INFO] pomelo - [32m[/home/goby/st/demo/game-server/node_modules/pomelo/lib/application.js] [39m"connector-server-1" enter after start...
[2015-08-23 16:16:48.512] [INFO] pomelo - [32m[/home/goby/st/demo/game-server/node_modules/pomelo/lib/application.js] [39m"connector-server-1" finish start
[2015-08-23 16:16:48.513] [INFO] pomelo - [32m[/home/goby/st/demo/game-server/node_modules/pomelo/lib/application.js] [39m"connector-server-1" startup in 398 ms
[2015-08-23 16:25:24.155] [INFO] pomelo - [32m[/home/goby/st/demo/game-server/node_modules/pomelo/lib/application.js] [39mapplication inited: "connector-server-1"
[2015-08-23 16:25:24.616] [INFO] pomelo - [32m[/home/goby/st/demo/game-server/node_modules/pomelo/lib/application.js] [39m"connector-server-1" enter after start...
[2015-08-23 16:25:24.619] [INFO] pomelo - [32m[/home/goby/st/demo/game-server/node_modules/pomelo/lib/application.js] [39m"connector-server-1" finish start
[2015-08-23 16:25:24.619] [INFO] pomelo - [32m[/home/goby/st/demo/game-server/node_modules/pomelo/lib/application.js] [39m"connector-server-1" startup in 407 ms
[2015-08-23 16:27:00.098] [DEBUG] pomelo - [36m[/home/goby/st/demo/game-server/node_modules/pomelo/lib/components/connector.js] [39m[connector-server-1] getSession session is created with session id: 1
[2015-08-23 16:27:00.208] [DEBUG] pomelo - [36m[/home/goby/st/demo/game-server/node_modules/pomelo/lib/components/connector.js] [39m[connector-server-1] handleMessage session id: 1, msg: {"id":1,"type":0,"compressRoute":1,"route":"connector.entryHandler.entry","body":"hello pomelo","compressGzip":0}
[2015-08-23 16:27:00.212] [DEBUG] pomelo - [36m[/home/goby/st/demo/game-server/node_modules/pomelo/lib/components/connector.js] [39m[connector-server-1] send message reqId: 1, route: connector.entryHandler.entry, msg: {"code":200,"msg":"game server is ok."}, receivers: [1], opts: {"type":"response","userOptions":{},"isResponse":true}
[2015-08-23 16:44:29.100] [DEBUG] pomelo - [36m[/home/goby/st/demo/game-server/node_modules/pomelo/lib/common/service/sessionService.js] [39msession on [connector-server-1] is closed with session id: 1
[2015-08-23 16:46:19.556] [DEBUG] pomelo - [36m[/home/goby/st/demo/game-server/node_modules/pomelo/lib/components/connector.js] [39m[connector-server-1] getSession session is created with session id: 2
[2015-08-23 16:46:19.577] [DEBUG] pomelo - [36m[/home/goby/st/demo/game-server/node_modules/pomelo/lib/components/connector.js] [39m[connector-server-1] handleMessage session id: 2, msg: {"id":1,"type":0,"compressRoute":1,"route":"connector.entryHandler.entry","body":"hello pomelo","compressGzip":0}
[2015-08-23 16:46:19.577] [DEBUG] pomelo - [36m[/home/goby/st/demo/game-server/node_modules/pomelo/lib/components/connector.js] [39m[connector-server-1] send message reqId: 1, route: connector.entryHandler.entry, msg: {"code":200,"msg":"game server is ok."}, receivers: [2], opts: {"type":"response","userOptions":{},"isResponse":true}
[2015-08-23 16:48:53.804] [DEBUG] pomelo - [36m[/home/goby/st/demo/game-server/node_modules/pomelo/lib/common/service/sessionService.js] [39msession on [connector-server-1] is closed with session id: 2
[2015-08-23 21:13:07.669] [INFO] pomelo - [32m[/home/goby/st/demo/game-server/node_modules/pomelo/lib/application.js] [39mapplication inited: "connector-server-1"
[2015-08-23 21:13:08.121] [INFO] pomelo - [32m[/home/goby/st/demo/game-server/node_modules/pomelo/lib/application.js] [39m"connector-server-1" enter after start...
[2015-08-23 21:13:08.125] [INFO] pomelo - [32m[/home/goby/st/demo/game-server/node_modules/pomelo/lib/application.js] [39m"connector-server-1" finish start
[2015-08-23 21:13:08.125] [INFO] pomelo - [32m[/home/goby/st/demo/game-server/node_modules/pomelo/lib/application.js] [39m"connector-server-1" startup in 401 ms
